<?xml version="1.0" encoding="UTF-8"?>
<testng-results skipped="0" failed="0" ignored="0" total="1" passed="1">
  <reporter-output>
  </reporter-output>
  <suite name="Surefire suite" duration-ms="11002" started-at="2018-07-11T09:20:18Z" finished-at="2018-07-11T09:20:29Z">
    <groups>
    </groups>
    <test name="Surefire test" duration-ms="11002" started-at="2018-07-11T09:20:18Z" finished-at="2018-07-11T09:20:29Z">
      <class name="com.qait.automation.prop.NewTest">
        <test-method status="PASS" signature="before()[pri:0, instance:com.qait.automation.prop.NewTest@17550481]" name="before" is-config="true" duration-ms="5041" started-at="2018-07-11T09:20:18Z" finished-at="2018-07-11T09:20:23Z">
          <reporter-output>
          </reporter-output>
        </test-method> <!-- before -->
        <test-method status="PASS" signature="testlogin()[pri:0, instance:com.qait.automation.prop.NewTest@17550481]" name="testlogin" duration-ms="5947" started-at="2018-07-11T09:20:23Z" finished-at="2018-07-11T09:20:29Z">
          <reporter-output>
          </reporter-output>
        </test-method> <!-- testlogin -->
      </class> <!-- com.qait.automation.prop.NewTest -->
    </test> <!-- Surefire test -->
  </suite> <!-- Surefire suite -->
</testng-results>
