<?xml version="1.0" encoding="UTF-8"?>
<testng-results skipped="0" failed="0" ignored="0" total="1" passed="1">
  <reporter-output>
  </reporter-output>
  <suite name="Default suite" duration-ms="8310" started-at="2018-07-11T09:19:41Z" finished-at="2018-07-11T09:19:49Z">
    <groups>
    </groups>
    <test name="Default test" duration-ms="8310" started-at="2018-07-11T09:19:41Z" finished-at="2018-07-11T09:19:49Z">
      <class name="com.qait.automation.prop.NewTest">
        <test-method status="PASS" signature="before()[pri:0, instance:com.qait.automation.prop.NewTest@204f30ec]" name="before" is-config="true" duration-ms="4248" started-at="2018-07-11T09:19:41Z" finished-at="2018-07-11T09:19:45Z">
          <reporter-output>
          </reporter-output>
        </test-method> <!-- before -->
        <test-method status="PASS" signature="testlogin()[pri:0, instance:com.qait.automation.prop.NewTest@204f30ec]" name="testlogin" duration-ms="4023" started-at="2018-07-11T09:19:45Z" finished-at="2018-07-11T09:19:49Z">
          <reporter-output>
          </reporter-output>
        </test-method> <!-- testlogin -->
      </class> <!-- com.qait.automation.prop.NewTest -->
    </test> <!-- Default test -->
  </suite> <!-- Default suite -->
</testng-results>
